<?xml version="1.0" encoding="UTF-8"?>
<testsuite xmlns:xsi="http://www.w3.org/2001/XMLSchema-instance" xsi:noNamespaceSchemaLocation="https://maven.apache.org/surefire/maven-surefire-plugin/xsd/surefire-test-report.xsd" name="edu.eci.cvds.tdd.aerodescuentos.TarifasTest" time="0.179" tests="8" errors="0" skipped="0" failures="0">
  <properties>
    <property name="sun.desktop" value="windows"/>
    <property name="awt.toolkit" value="sun.awt.windows.WToolkit"/>
    <property name="file.encoding.pkg" value="sun.io"/>
    <property name="java.specification.version" value="1.8"/>
    <property name="sun.cpu.isalist" value="amd64"/>
    <property name="sun.jnu.encoding" value="Cp1252"/>
    <property name="java.class.path" value="C:\Users\Miguel\Documents\ClasesEquivalencia\target\test-classes;C:\Users\Miguel\Documents\ClasesEquivalencia\target\classes;C:\Users\Miguel\.m2\repository\junit\junit\4.12\junit-4.12.jar;C:\Users\Miguel\.m2\repository\org\hamcrest\hamcrest-core\1.3\hamcrest-core-1.3.jar;"/>
    <property name="java.vm.vendor" value="Oracle Corporation"/>
    <property name="sun.arch.data.model" value="64"/>
    <property name="user.variant" value=""/>
    <property name="java.vendor.url" value="http://java.oracle.com/"/>
    <property name="user.timezone" value="America/Bogota"/>
    <property name="java.vm.specification.version" value="1.8"/>
    <property name="os.name" value="Windows 10"/>
    <property name="user.country" value="CO"/>
    <property name="sun.java.launcher" value="SUN_STANDARD"/>
    <property name="sun.boot.library.path" value="C:\Program Files\Java\jdk1.8.0_221\jre\bin"/>
    <property name="sun.java.command" value="C:\Users\Miguel\AppData\Local\Temp\surefire6598418093605713785\surefirebooter733305294959777081.jar C:\Users\Miguel\AppData\Local\Temp\surefire6598418093605713785 2019-08-23T21-06-16_682-jvmRun1 surefire3129586856501684537tmp surefire_06714170357464457543tmp"/>
    <property name="test" value="TarifasTest"/>
    <property name="surefire.test.class.path" value="C:\Users\Miguel\Documents\ClasesEquivalencia\target\test-classes;C:\Users\Miguel\Documents\ClasesEquivalencia\target\classes;C:\Users\Miguel\.m2\repository\junit\junit\4.12\junit-4.12.jar;C:\Users\Miguel\.m2\repository\org\hamcrest\hamcrest-core\1.3\hamcrest-core-1.3.jar;"/>
    <property name="sun.cpu.endian" value="little"/>
    <property name="user.home" value="C:\Users\Miguel"/>
    <property name="user.language" value="es"/>
    <property name="java.specification.vendor" value="Oracle Corporation"/>
    <property name="java.home" value="C:\Program Files\Java\jdk1.8.0_221\jre"/>
    <property name="basedir" value="C:\Users\Miguel\Documents\ClasesEquivalencia"/>
    <property name="file.separator" value="\"/>
    <property name="line.separator" value="&#10;"/>
    <property name="java.vm.specification.vendor" value="Oracle Corporation"/>
    <property name="java.specification.name" value="Java Platform API Specification"/>
    <property name="java.awt.graphicsenv" value="sun.awt.Win32GraphicsEnvironment"/>
    <property name="surefire.real.class.path" value="C:\Users\Miguel\AppData\Local\Temp\surefire6598418093605713785\surefirebooter733305294959777081.jar"/>
    <property name="sun.boot.class.path" value="C:\Program Files\Java\jdk1.8.0_221\jre\lib\resources.jar;C:\Program Files\Java\jdk1.8.0_221\jre\lib\rt.jar;C:\Program Files\Java\jdk1.8.0_221\jre\lib\sunrsasign.jar;C:\Program Files\Java\jdk1.8.0_221\jre\lib\jsse.jar;C:\Program Files\Java\jdk1.8.0_221\jre\lib\jce.jar;C:\Program Files\Java\jdk1.8.0_221\jre\lib\charsets.jar;C:\Program Files\Java\jdk1.8.0_221\jre\lib\jfr.jar;C:\Program Files\Java\jdk1.8.0_221\jre\classes"/>
    <property name="user.script" value=""/>
    <property name="sun.management.compiler" value="HotSpot 64-Bit Tiered Compilers"/>
    <property name="java.runtime.version" value="1.8.0_221-b11"/>
    <property name="user.name" value="Miguel"/>
    <property name="path.separator" value=";"/>
    <property name="os.version" value="10.0"/>
    <property name="java.endorsed.dirs" value="C:\Program Files\Java\jdk1.8.0_221\jre\lib\endorsed"/>
    <property name="java.runtime.name" value="Java(TM) SE Runtime Environment"/>
    <property name="file.encoding" value="Cp1252"/>
    <property name="java.vm.name" value="Java HotSpot(TM) 64-Bit Server VM"/>
    <property name="localRepository" value="C:\Users\Miguel\.m2\repository"/>
    <property name="java.vendor.url.bug" value="http://bugreport.sun.com/bugreport/"/>
    <property name="java.io.tmpdir" value="C:\Users\Miguel\AppData\Local\Temp\"/>
    <property name="java.version" value="1.8.0_221"/>
    <property name="user.dir" value="C:\Users\Miguel\Documents\ClasesEquivalencia"/>
    <property name="os.arch" value="amd64"/>
    <property name="java.vm.specification.name" value="Java Virtual Machine Specification"/>
    <property name="java.awt.printerjob" value="sun.awt.windows.WPrinterJob"/>
    <property name="sun.os.patch.level" value=""/>
    <property name="java.library.path" value="C:\Program Files\Java\jdk1.8.0_221\jre\bin;C:\Windows\Sun\Java\bin;C:\Windows\system32;C:\Windows;C:\Program Files (x86)\Common Files\Oracle\Java\javapath;C:\Windows\system32;C:\Windows;C:\Windows\System32\Wbem;C:\Windows\System32\WindowsPowerShell\v1.0\;C:\Windows\System32\OpenSSH\;C:\Program Files\Git\cmd;C:\Program Files\Java\jdk1.8.0_221;C:\Program Files\apache-maven-3.6.1\bin;C:\Users\Miguel\AppData\Local\Microsoft\WindowsApps;;C:\Users\Miguel\AppData\Local\Programs\Microsoft VS Code\bin;."/>
    <property name="java.vm.info" value="mixed mode"/>
    <property name="java.vendor" value="Oracle Corporation"/>
    <property name="java.vm.version" value="25.221-b11"/>
    <property name="java.ext.dirs" value="C:\Program Files\Java\jdk1.8.0_221\jre\lib\ext;C:\Windows\Sun\Java\lib\ext"/>
    <property name="sun.io.unicode.encoding" value="UnicodeLittle"/>
    <property name="java.class.version" value="52.0"/>
  </properties>
  <testcase name="diasAntelacionInvalidos" classname="edu.eci.cvds.tdd.aerodescuentos.TarifasTest" time="0.007"/>
  <testcase name="diasMayorVeinteEdadMayorSesentayCinco" classname="edu.eci.cvds.tdd.aerodescuentos.TarifasTest" time="0"/>
  <testcase name="edadInvalida" classname="edu.eci.cvds.tdd.aerodescuentos.TarifasTest" time="0"/>
  <testcase name="diasMenorVeinteEdadMenorDieciocho" classname="edu.eci.cvds.tdd.aerodescuentos.TarifasTest" time="0.001"/>
  <testcase name="diasMenorVeinteEdadMayorSesentayCinco" classname="edu.eci.cvds.tdd.aerodescuentos.TarifasTest" time="0"/>
  <testcase name="diasMayorVeinteEdadEntreDieciochoySesentayCinco" classname="edu.eci.cvds.tdd.aerodescuentos.TarifasTest" time="0.001"/>
  <testcase name="diasMayorVeinteEdadMenordieciocho" classname="edu.eci.cvds.tdd.aerodescuentos.TarifasTest" time="0.001"/>
  <testcase name="diasMenorVeinteEdadEntreDieciochoySesentayCinco" classname="edu.eci.cvds.tdd.aerodescuentos.TarifasTest" time="0"/>
</testsuite>